2024-11-26 20:33:33.829790: W tensorflow/stream_executor/platform/default/dso_loader.cc:64] Could not load dynamic library 'libcudart.so.11.0'; dlerror: libcudart.so.11.0: cannot open shared object file: No such file or directory
2024-11-26 20:33:33.829844: I tensorflow/stream_executor/cuda/cudart_stub.cc:29] Ignore above cudart dlerror if you do not have a GPU set up on your machine.
2024-11-26 20:34:20.446732: W tensorflow/stream_executor/platform/default/dso_loader.cc:64] Could not load dynamic library 'libcudart.so.11.0'; dlerror: libcudart.so.11.0: cannot open shared object file: No such file or directory
2024-11-26 20:34:20.446789: I tensorflow/stream_executor/cuda/cudart_stub.cc:29] Ignore above cudart dlerror if you do not have a GPU set up on your machine.
/usr/local/lib/python3.7/dist-packages/requests/__init__.py:114: RequestsDependencyWarning: urllib3 (1.26.12) or chardet (2.3.0)/charset_normalizer (2.1.1) doesn't match a supported version!
  RequestsDependencyWarning,
Loading data...
Data loaded successfully.

Applying Preprocessing Strategy 5: Iterative Imputer (MICE) with max_iter=10
Strategy 5 applied: Iterative Imputer for numerical features.

Preprocessing Strategy mice_imp completed in 38616.529044151306 seconds..

Data split into training and validation sets with test size = 0.2
Training Linear Regression...
Linear Regression trained in 6.5401 seconds.
Training Ridge Regression...
Ridge Regression trained in 1.2756 seconds.
Training Lasso Regression...
Lasso Regression trained in 3.8431 seconds.
Training Decision Tree...
Decision Tree trained in 117.8392 seconds.
Training Random Forest...
Random Forest trained in 354.2673 seconds.
Training Gradient Boosting...
Gradient Boosting trained in 1851.5483 seconds.
Training Hist Gradient Boosting...
Hist Gradient Boosting trained in 735.4472 seconds.
Training XGBoost...
XGBoost trained in 166.5946 seconds.

Model Performance Metrics:
                    Model       MSE      RMSE  R2 Score  Training Time (s)
0           Random Forest  3.149624  1.774718  0.651780           354.2673
1                 XGBoost  3.596146  1.896351  0.602413           166.5946
2  Hist Gradient Boosting  3.844691  1.960788  0.574934           735.4472
3       Gradient Boosting  4.174874  2.043251  0.538429          1851.5483
4        Ridge Regression  4.414482  2.101067  0.511939             1.2756
5       Linear Regression  4.414570  2.101088  0.511929             6.5401
6        Lasso Regression  5.705086  2.388532  0.369251             3.8431
7           Decision Tree  6.759649  2.599932  0.252659           117.8392

Best Model: Random Forest
MSE: 3.1496
RMSE: 1.7747
R2 Score: 0.6518
Training Time: 354.2673 seconds

Model performance results saved to /home/mansoor/aml_project//brist1d/results/performance/model_performance_mice_imp.csv
Model performance plot saved to /home/mansoor/aml_project//brist1d/results/performance/model_performance_mice_imp.png

Retraining the best model (Random Forest) on the entire training data...
Random Forest retrained on the entire training data in 444.0965 seconds.
Making predictions on the test set using the best model (Random Forest)...
Test set predictions saved to /home/mansoor/aml_project//brist1d/results/predictions/test_predictions_mice_imp.csv

Preprocessing, training, evaluation, and prediction completed successfully.
/usr/local/lib/python3.7/dist-packages/requests/__init__.py:114: RequestsDependencyWarning: urllib3 (1.26.12) or chardet (2.3.0)/charset_normalizer (2.1.1) doesn't match a supported version!
  RequestsDependencyWarning,
Loading data...
Data loaded successfully.

Traceback (most recent call last):
  File "/home/mansoor/aml_project/brist1d/main.py", line 133, in <module>
    elif models_category == "dl":
  File "/home/mansoor/aml_project/brist1d/main.py", line 109, in main
    if strategy not in strategy_methods:
  File "/home/mansoor/aml_project/brist1d/preprocess.py", line 112, in kalman_imp
    if X_test_filled.isnull().values.any():
  File "/home/mansoor/.local/lib/python3.7/site-packages/pykalman/standard.py", line 1409, in em
    Z
  File "/home/mansoor/.local/lib/python3.7/site-packages/pykalman/standard.py", line 393, in _filter
    observations[t]
  File "/home/mansoor/.local/lib/python3.7/site-packages/pykalman/standard.py", line 273, in _filter_correct
    linalg.pinv(predicted_observation_covariance)))
  File "/usr/local/lib/python3.7/dist-packages/scipy/linalg/basic.py", line 1304, in pinv
    a = _asarray_validated(a, check_finite=check_finite)
  File "/usr/local/lib/python3.7/dist-packages/scipy/_lib/_util.py", line 246, in _asarray_validated
    a = toarray(a)
  File "/usr/local/lib/python3.7/dist-packages/numpy/lib/function_base.py", line 486, in asarray_chkfinite
    "array must not contain infs or NaNs")
ValueError: array must not contain infs or NaNs
